Arguments: 
  /usr/local/Cellar/node/7.5.0/bin/node /usr/local/bin/yarn add gulp-rev --dev

PATH: 
  /usr/local/opt/php70/bin:/usr/local/git/bin:/sw/bin/:/usr/local/bin:/usr/local/:/usr/local/sbin:/usr/local/mysql/bin:/usr/local/bin:/usr/bin:/bin:/usr/sbin:/sbin:/usr/local/bin/

Yarn version: 
  0.20.3

Node version: 
  7.5.0

Platform: 
  darwin x64

npm manifest: 
  {
    "name": "versus",
    "version": "1.0.0",
    "description": "Apache setup",
    "main": "gulpfile.js",
    "dependencies": {
      "gulp-clean": "^0.3.2",
      "gulp-minify-css": "^1.2.4",
      "gulp-notify": "^3.0.0",
      "imagemin-gifsicle": "^5.1.0",
      "imagemin-optipng": "^5.2.1",
      "imagemin-pngquant": "^5.0.1",
      "tiny-lr": "^1.0.5"
    },
    "devDependencies": {},
    "scripts": {
      "test": "echo \"Error: no test specified\" && exit 1"
    },
    "repository": {
      "type": "git",
      "url": "git+https://github.com/PhilippeGauthier/versus.git"
    },
    "author": "",
    "license": "ISC",
    "bugs": {
      "url": "https://github.com/PhilippeGauthier/versus/issues"
    },
    "homepage": "https://github.com/PhilippeGauthier/versus#readme"
  }

yarn manifest: 
  No manifest

Lockfile: 
  No lockfile

Trace: 
  Error: EACCES: permission denied, mkdir '/Users/philippegauthier/www/sites/versus/node_modules/bin-version-check/node_modules/semver'
