ERROR|Wed, 10 Dec 2014 17:54:20 -0500|page|content|/~philippe/versus/statamic/_themes/main/css/ajax-loader.gif|::1|dev|404 - Page not found. There is a bad link on <a href="/~philippe/versus/statamic/_themes/main/css/main.min.css">/~philippe/versus/statamic/_themes/main/css/main.min.css</a>.
ERROR|Wed, 10 Dec 2014 17:56:25 -0500|page|content|/~philippe/versus/statamic/_themes/main/css/ajax-loader.gif|::1|dev|404 - Page not found. There is a bad link on <a href="/~philippe/versus/statamic/_themes/main/css/main.min.css">/~philippe/versus/statamic/_themes/main/css/main.min.css</a>.
ERROR|Wed, 10 Dec 2014 17:56:48 -0500|page|content|/~philippe/versus/statamic/_themes/main/css/ajax-loader.gif|::1|dev|404 - Page not found. There is a bad link on <a href="/~philippe/versus/statamic/">/~philippe/versus/statamic/</a>.
ERROR|Wed, 10 Dec 2014 18:07:59 -0500|page|content|/~philippe/versus/statamic/_themes/main/css/ajax-loader.gif|::1|dev|404 - Page not found. There is a bad link on <a href="/~philippe/versus/statamic/">/~philippe/versus/statamic/</a>.
ERROR|Wed, 10 Dec 2014 18:08:22 -0500|page|content|/~philippe/versus/statamic/_themes/main/css/fonts/slick.woff|::1|dev|404 - Page not found. There is a bad link on <a href="/~philippe/versus/statamic/">/~philippe/versus/statamic/</a>.
ERROR|Wed, 10 Dec 2014 18:08:22 -0500|page|content|/~philippe/versus/statamic/_themes/main/css/fonts/slick.ttf|::1|dev|404 - Page not found. There is a bad link on <a href="/~philippe/versus/statamic/">/~philippe/versus/statamic/</a>.
ERROR|Wed, 10 Dec 2014 18:08:22 -0500|page|content|/~philippe/versus/statamic/_themes/main/css/fonts/slick.svg|::1|dev|404 - Page not found. There is a bad link on <a href="/~philippe/versus/statamic/">/~philippe/versus/statamic/</a>.
ERROR|Wed, 10 Dec 2014 18:10:39 -0500|page|content|/~philippe/versus/statamic/_themes/main/css/ajax-loader.gif|::1|dev|404 - Page not found. There is a bad link on <a href="/~philippe/versus/statamic/_themes/main/css/main.min.css">/~philippe/versus/statamic/_themes/main/css/main.min.css</a>.
ERROR|Wed, 10 Dec 2014 18:10:45 -0500|page|content|/~philippe/versus/statamic/_themes/main/css/fonts/slick.woff|::1|dev|404 - Page not found. There is a bad link on <a href="/~philippe/versus/statamic/_themes/main/css/main.min.css">/~philippe/versus/statamic/_themes/main/css/main.min.css</a>.
ERROR|Wed, 10 Dec 2014 18:10:45 -0500|page|content|/~philippe/versus/statamic/_themes/main/css/fonts/slick.ttf|::1|dev|404 - Page not found. There is a bad link on <a href="/~philippe/versus/statamic/_themes/main/css/main.min.css">/~philippe/versus/statamic/_themes/main/css/main.min.css</a>.
ERROR|Wed, 10 Dec 2014 18:11:07 -0500|page|content|/~philippe/versus/statamic/_themes/main/css/fonts/slick.woff|::1|dev|404 - Page not found. There is a bad link on <a href="/~philippe/versus/statamic/_themes/main/css/main.min.css?livereload=1418253067114">/~philippe/versus/statamic/_themes/main/css/main.min.css?livereload=1418253067114</a>.
ERROR|Wed, 10 Dec 2014 18:11:07 -0500|page|content|/~philippe/versus/statamic/_themes/main/css/fonts/slick.ttf|::1|dev|404 - Page not found. There is a bad link on <a href="/~philippe/versus/statamic/_themes/main/css/main.min.css?livereload=1418253067114">/~philippe/versus/statamic/_themes/main/css/main.min.css?livereload=1418253067114</a>.
ERROR|Wed, 10 Dec 2014 18:11:12 -0500|page|content|/~philippe/versus/statamic/_themes/main/css/ajax-loader.gif|::1|dev|404 - Page not found. There is a bad link on <a href="/~philippe/versus/statamic/_themes/main/css/main.min.css">/~philippe/versus/statamic/_themes/main/css/main.min.css</a>.
ERROR|Wed, 10 Dec 2014 18:11:15 -0500|page|content|/~philippe/versus/statamic/_themes/main/css/fonts/slick.woff|::1|dev|404 - Page not found. There is a bad link on <a href="/~philippe/versus/statamic/_themes/main/css/main.min.css">/~philippe/versus/statamic/_themes/main/css/main.min.css</a>.
ERROR|Wed, 10 Dec 2014 18:11:15 -0500|page|content|/~philippe/versus/statamic/_themes/main/css/fonts/slick.ttf|::1|dev|404 - Page not found. There is a bad link on <a href="/~philippe/versus/statamic/_themes/main/css/main.min.css">/~philippe/versus/statamic/_themes/main/css/main.min.css</a>.
ERROR|Wed, 10 Dec 2014 18:11:38 -0500|page|content|/~philippe/versus/statamic/_themes/main/css/ajax-loader.gif|::1|dev|404 - Page not found. There is a bad link on <a href="/~philippe/versus/statamic/_themes/main/css/main.min.css">/~philippe/versus/statamic/_themes/main/css/main.min.css</a>.
ERROR|Wed, 10 Dec 2014 18:11:41 -0500|page|content|/~philippe/versus/statamic/_themes/main/css/fonts/slick.woff|::1|dev|404 - Page not found. There is a bad link on <a href="/~philippe/versus/statamic/_themes/main/css/main.min.css">/~philippe/versus/statamic/_themes/main/css/main.min.css</a>.
ERROR|Wed, 10 Dec 2014 18:11:41 -0500|page|content|/~philippe/versus/statamic/_themes/main/css/fonts/slick.ttf|::1|dev|404 - Page not found. There is a bad link on <a href="/~philippe/versus/statamic/_themes/main/css/main.min.css">/~philippe/versus/statamic/_themes/main/css/main.min.css</a>.
ERROR|Wed, 10 Dec 2014 18:13:04 -0500|page|content|/~philippe/versus/statamic/_themes/main/css/fonts/slick.woff|::1|dev|404 - Page not found. There is a bad link on <a href="/~philippe/versus/statamic/_themes/main/css/main.min.css?livereload=1418253184765">/~philippe/versus/statamic/_themes/main/css/main.min.css?livereload=1418253184765</a>.
ERROR|Wed, 10 Dec 2014 18:13:05 -0500|page|content|/~philippe/versus/statamic/_themes/main/css/fonts/slick.ttf|::1|dev|404 - Page not found. There is a bad link on <a href="/~philippe/versus/statamic/_themes/main/css/main.min.css?livereload=1418253184765">/~philippe/versus/statamic/_themes/main/css/main.min.css?livereload=1418253184765</a>.
ERROR|Wed, 10 Dec 2014 18:13:12 -0500|page|content|/~philippe/versus/statamic/_themes/main/css/ajax-loader.gif|::1|dev|404 - Page not found. There is a bad link on <a href="/~philippe/versus/statamic/_themes/main/css/main.min.css">/~philippe/versus/statamic/_themes/main/css/main.min.css</a>.
ERROR|Wed, 10 Dec 2014 18:13:14 -0500|page|content|/~philippe/versus/statamic/_themes/main/css/fonts/slick.woff|::1|dev|404 - Page not found. There is a bad link on <a href="/~philippe/versus/statamic/_themes/main/css/main.min.css">/~philippe/versus/statamic/_themes/main/css/main.min.css</a>.
ERROR|Wed, 10 Dec 2014 18:13:14 -0500|page|content|/~philippe/versus/statamic/_themes/main/css/fonts/slick.ttf|::1|dev|404 - Page not found. There is a bad link on <a href="/~philippe/versus/statamic/_themes/main/css/main.min.css">/~philippe/versus/statamic/_themes/main/css/main.min.css</a>.
ERROR|Wed, 10 Dec 2014 18:15:38 -0500|page|content|/~philippe/versus/statamic/_themes/main/css/ajax-loader.gif|::1|dev|404 - Page not found. There is a bad link on <a href="/~philippe/versus/statamic/_themes/main/css/main.min.css">/~philippe/versus/statamic/_themes/main/css/main.min.css</a>.
ERROR|Wed, 10 Dec 2014 18:15:55 -0500|page|content|/~philippe/versus/statamic/_themes/main/css/ajax-loader.gif|::1|dev|404 - Page not found. There is a bad link on <a href="/~philippe/versus/statamic/_themes/main/css/main.min.css">/~philippe/versus/statamic/_themes/main/css/main.min.css</a>.
ERROR|Wed, 10 Dec 2014 18:16:56 -0500|page|content|/~philippe/versus/statamic/_themes/main/css/ajax-loader.gif|::1|dev|404 - Page not found. There is a bad link on <a href="/~philippe/versus/statamic/_themes/main/css/main.min.css">/~philippe/versus/statamic/_themes/main/css/main.min.css</a>.
ERROR|Wed, 10 Dec 2014 18:27:09 -0500|page|content|/~philippe/versus/statamic/_themes/main/css/ajax-loader.gif|::1|dev|404 - Page not found. There is a bad link on <a href="/~philippe/versus/statamic/_themes/main/css/main.min.css">/~philippe/versus/statamic/_themes/main/css/main.min.css</a>.
ERROR|Wed, 10 Dec 2014 18:44:25 -0500|page|content|/~philippe/versus/statamic/_themes/main/css/ajax-loader.gif|::1|dev|404 - Page not found. There is a bad link on <a href="/~philippe/versus/statamic/_themes/main/css/main.min.css">/~philippe/versus/statamic/_themes/main/css/main.min.css</a>.
ERROR|Wed, 10 Dec 2014 18:49:30 -0500|page|content|/~philippe/versus/statamic/_themes/main/css/ajax-loader.gif|::1|dev|404 - Page not found. There is a bad link on <a href="/~philippe/versus/statamic/_themes/main/css/main.min.css">/~philippe/versus/statamic/_themes/main/css/main.min.css</a>.
ERROR|Wed, 10 Dec 2014 18:49:58 -0500|page|content|/~philippe/versus/statamic/_themes/main/css/ajax-loader.gif|::1|dev|404 - Page not found. There is a bad link on <a href="/~philippe/versus/statamic/_themes/main/css/main.min.css">/~philippe/versus/statamic/_themes/main/css/main.min.css</a>.
ERROR|Wed, 10 Dec 2014 18:50:23 -0500|page|content|/~philippe/versus/statamic/_themes/main/css/ajax-loader.gif|::1|dev|404 - Page not found. There is a bad link on <a href="/~philippe/versus/statamic/_themes/main/css/main.min.css">/~philippe/versus/statamic/_themes/main/css/main.min.css</a>.
ERROR|Wed, 10 Dec 2014 18:51:02 -0500|page|content|/~philippe/versus/statamic/_themes/main/css/ajax-loader.gif|::1|dev|404 - Page not found. There is a bad link on <a href="/~philippe/versus/statamic/_themes/main/css/main.min.css">/~philippe/versus/statamic/_themes/main/css/main.min.css</a>.
ERROR|Wed, 10 Dec 2014 18:51:30 -0500|page|content|/~philippe/versus/statamic/_themes/main/css/ajax-loader.gif|::1|dev|404 - Page not found. There is a bad link on <a href="/~philippe/versus/statamic/_themes/main/css/main.min.css">/~philippe/versus/statamic/_themes/main/css/main.min.css</a>.
ERROR|Wed, 10 Dec 2014 18:54:24 -0500|page|content|/~philippe/versus/statamic/_themes/main/css/ajax-loader.gif|::1|dev|404 - Page not found. There is a bad link on <a href="/~philippe/versus/statamic/_themes/main/css/main.min.css">/~philippe/versus/statamic/_themes/main/css/main.min.css</a>.
ERROR|Wed, 10 Dec 2014 19:40:41 -0500|page|content|/~philippe/versus/statamic/_themes/main/css/ajax-loader.gif|::1|dev|404 - Page not found. There is a bad link on <a href="/~philippe/versus/statamic/_themes/main/css/main.min.css">/~philippe/versus/statamic/_themes/main/css/main.min.css</a>.
ERROR|Wed, 10 Dec 2014 19:40:42 -0500|page|content|/~philippe/versus/statamic/_themes/main/css/ajax-loader.gif|::1|dev|404 - Page not found. There is a bad link on <a href="/~philippe/versus/statamic/_themes/main/css/main.min.css">/~philippe/versus/statamic/_themes/main/css/main.min.css</a>.
ERROR|Wed, 10 Dec 2014 19:40:56 -0500|page|content|/~philippe/versus/statamic/_themes/main/css/ajax-loader.gif|::1|dev|404 - Page not found. There is a bad link on <a href="/~philippe/versus/statamic/_themes/main/css/main.min.css">/~philippe/versus/statamic/_themes/main/css/main.min.css</a>.
ERROR|Wed, 10 Dec 2014 19:41:24 -0500|page|content|/~philippe/versus/statamic/_themes/main/css/ajax-loader.gif|::1|dev|404 - Page not found. There is a bad link on <a href="/~philippe/versus/statamic/_themes/main/css/main.min.css">/~philippe/versus/statamic/_themes/main/css/main.min.css</a>.
ERROR|Wed, 10 Dec 2014 19:41:25 -0500|page|content|/~philippe/versus/statamic/_themes/main/css/ajax-loader.gif|::1|dev|404 - Page not found. There is a bad link on <a href="/~philippe/versus/statamic/_themes/main/css/main.min.css">/~philippe/versus/statamic/_themes/main/css/main.min.css</a>.
ERROR|Wed, 10 Dec 2014 19:41:42 -0500|page|content|/~philippe/versus/statamic/_themes/main/css/ajax-loader.gif|::1|dev|404 - Page not found. There is a bad link on <a href="/~philippe/versus/statamic/_themes/main/css/main.min.css">/~philippe/versus/statamic/_themes/main/css/main.min.css</a>.
ERROR|Wed, 10 Dec 2014 19:41:49 -0500|page|content|/~philippe/versus/statamic/_themes/main/css/ajax-loader.gif|::1|dev|404 - Page not found. There is a bad link on <a href="/~philippe/versus/statamic/_themes/main/css/main.min.css">/~philippe/versus/statamic/_themes/main/css/main.min.css</a>.
ERROR|Wed, 10 Dec 2014 19:58:02 -0500|page|content|/~philippe/versus/statamic/_themes/main/css/ajax-loader.gif|::1|dev|404 - Page not found. There is a bad link on <a href="/~philippe/versus/statamic/_themes/main/css/main.min.css">/~philippe/versus/statamic/_themes/main/css/main.min.css</a>.
ERROR|Wed, 10 Dec 2014 19:58:38 -0500|page|content|/~philippe/versus/statamic/_themes/main/css/ajax-loader.gif|::1|dev|404 - Page not found. There is a bad link on <a href="/~philippe/versus/statamic/_themes/main/css/main.min.css">/~philippe/versus/statamic/_themes/main/css/main.min.css</a>.
ERROR|Wed, 10 Dec 2014 19:59:43 -0500|page|content|/~philippe/versus/statamic/_themes/main/css/ajax-loader.gif|::1|dev|404 - Page not found. There is a bad link on <a href="/~philippe/versus/statamic/_themes/main/css/main.min.css">/~philippe/versus/statamic/_themes/main/css/main.min.css</a>.
ERROR|Wed, 10 Dec 2014 20:00:01 -0500|page|content|/~philippe/versus/statamic/_themes/main/css/ajax-loader.gif|::1|dev|404 - Page not found. There is a bad link on <a href="/~philippe/versus/statamic/_themes/main/css/main.min.css">/~philippe/versus/statamic/_themes/main/css/main.min.css</a>.
ERROR|Wed, 10 Dec 2014 20:01:02 -0500|page|content|/~philippe/versus/statamic/_themes/main/css/ajax-loader.gif|::1|dev|404 - Page not found. There is a bad link on <a href="/~philippe/versus/statamic/_themes/main/css/main.min.css">/~philippe/versus/statamic/_themes/main/css/main.min.css</a>.
ERROR|Wed, 10 Dec 2014 20:02:02 -0500|page|content|/~philippe/versus/statamic/_themes/main/css/ajax-loader.gif|::1|dev|404 - Page not found. There is a bad link on <a href="/~philippe/versus/statamic/_themes/main/css/main.min.css">/~philippe/versus/statamic/_themes/main/css/main.min.css</a>.
ERROR|Wed, 10 Dec 2014 20:34:38 -0500|page|content|/~philippe/versus/statamic/_themes/main/css/ajax-loader.gif|::1|dev|404 - Page not found. There is a bad link on <a href="/~philippe/versus/statamic/_themes/main/css/main.min.css">/~philippe/versus/statamic/_themes/main/css/main.min.css</a>.
ERROR|Wed, 10 Dec 2014 22:36:11 -0500|page|content|/~philippe/versus/statamic/_themes/main/css/ajax-loader.gif|::1|dev|404 - Page not found. There is a bad link on <a href="/~philippe/versus/statamic/">/~philippe/versus/statamic/</a>.
INFO|Wed, 10 Dec 2014 22:36:12 -0500|site|favicon|/~philippe/versus/statamic/_themes/main/img/favicon.ico|::1|dev|The site favicon could not be found.
ERROR|Wed, 10 Dec 2014 22:36:57 -0500|page|content|/~philippe/versus/statamic/_themes/main/css/ajax-loader.gif|::1|dev|404 - Page not found. There is a bad link on <a href="/~philippe/versus/statamic/_themes/main/css/main.min.css">/~philippe/versus/statamic/_themes/main/css/main.min.css</a>.
INFO|Wed, 10 Dec 2014 22:37:41 -0500|site|favicon|/~philippe/versus/statamic/_themes/main/img/favicon.ico|::1|dev|The site favicon could not be found.
ERROR|Wed, 10 Dec 2014 22:37:41 -0500|page|content|/~philippe/versus/statamic/_themes/main/css/ajax-loader.gif|::1|dev|404 - Page not found. There is a bad link on <a href="/~philippe/versus/statamic/_themes/main/css/main.min.css">/~philippe/versus/statamic/_themes/main/css/main.min.css</a>.
