ERROR|Thu, 18 Dec 2014 14:57:33 -0500|page|content|/~philippe/versus/statamic/_themes/main/css/ajax-loader.gif|::1|dev|404 - Page not found. There is a bad link on <a href="/~philippe/versus/statamic/_themes/main/css/main.min.css">/~philippe/versus/statamic/_themes/main/css/main.min.css</a>.
ERROR|Thu, 18 Dec 2014 15:05:56 -0500|page|content|/~philippe/versus/statamic/_themes/main/css/ajax-loader.gif|::1|dev|404 - Page not found. There is a bad link on <a href="/~philippe/versus/statamic/_themes/main/css/main.min.css">/~philippe/versus/statamic/_themes/main/css/main.min.css</a>.
ERROR|Thu, 18 Dec 2014 15:06:46 -0500|page|content|/~philippe/versus/statamic/_themes/main/css/ajax-loader.gif|::1|dev|404 - Page not found. There is a bad link on <a href="/~philippe/versus/statamic/_themes/main/css/main.min.css">/~philippe/versus/statamic/_themes/main/css/main.min.css</a>.
ERROR|Thu, 18 Dec 2014 15:11:12 -0500|page|content|/~philippe/versus/statamic/_themes/main/css/ajax-loader.gif|::1|dev|404 - Page not found. There is a bad link on <a href="/~philippe/versus/statamic/_themes/main/css/main.min.css">/~philippe/versus/statamic/_themes/main/css/main.min.css</a>.
ERROR|Thu, 18 Dec 2014 15:13:13 -0500|page|content|/~philippe/versus/statamic/_themes/main/css/ajax-loader.gif|::1|dev|404 - Page not found. There is a bad link on <a href="/~philippe/versus/statamic/_themes/main/css/main.min.css">/~philippe/versus/statamic/_themes/main/css/main.min.css</a>.
ERROR|Thu, 18 Dec 2014 15:13:59 -0500|page|content|/~philippe/versus/statamic/_themes/main/css/ajax-loader.gif|::1|dev|404 - Page not found. There is a bad link on <a href="/~philippe/versus/statamic/_themes/main/css/main.min.css">/~philippe/versus/statamic/_themes/main/css/main.min.css</a>.
ERROR|Thu, 18 Dec 2014 15:15:06 -0500|page|content|/~philippe/versus/statamic/_themes/main/css/ajax-loader.gif|::1|dev|404 - Page not found. There is a bad link on <a href="/~philippe/versus/statamic/_themes/main/css/main.min.css">/~philippe/versus/statamic/_themes/main/css/main.min.css</a>.
ERROR|Thu, 18 Dec 2014 15:15:27 -0500|page|content|/~philippe/versus/statamic/_themes/main/css/ajax-loader.gif|::1|dev|404 - Page not found. There is a bad link on <a href="/~philippe/versus/statamic/_themes/main/css/main.min.css">/~philippe/versus/statamic/_themes/main/css/main.min.css</a>.
ERROR|Thu, 18 Dec 2014 15:15:53 -0500|page|content|/~philippe/versus/statamic/_themes/main/css/ajax-loader.gif|::1|dev|404 - Page not found. There is a bad link on <a href="/~philippe/versus/statamic/_themes/main/css/main.min.css">/~philippe/versus/statamic/_themes/main/css/main.min.css</a>.
ERROR|Thu, 18 Dec 2014 15:16:26 -0500|page|content|/~philippe/versus/statamic/_themes/main/css/ajax-loader.gif|::1|dev|404 - Page not found. There is a bad link on <a href="/~philippe/versus/statamic/_themes/main/css/main.min.css">/~philippe/versus/statamic/_themes/main/css/main.min.css</a>.
ERROR|Thu, 18 Dec 2014 15:16:44 -0500|page|content|/~philippe/versus/statamic/_themes/main/css/ajax-loader.gif|::1|dev|404 - Page not found. There is a bad link on <a href="/~philippe/versus/statamic/_themes/main/css/main.min.css">/~philippe/versus/statamic/_themes/main/css/main.min.css</a>.
ERROR|Thu, 18 Dec 2014 15:17:05 -0500|page|content|/~philippe/versus/statamic/_themes/main/css/ajax-loader.gif|::1|dev|404 - Page not found. There is a bad link on <a href="/~philippe/versus/statamic/_themes/main/css/main.min.css">/~philippe/versus/statamic/_themes/main/css/main.min.css</a>.
ERROR|Thu, 18 Dec 2014 15:17:09 -0500|page|content|/~philippe/versus/statamic/_themes/main/css/ajax-loader.gif|::1|dev|404 - Page not found. There is a bad link on <a href="/~philippe/versus/statamic/_themes/main/css/main.min.css">/~philippe/versus/statamic/_themes/main/css/main.min.css</a>.
ERROR|Thu, 18 Dec 2014 15:20:29 -0500|page|content|/~philippe/versus/statamic/_themes/main/css/ajax-loader.gif|::1|dev|404 - Page not found. There is a bad link on <a href="/~philippe/versus/statamic/_themes/main/css/main.min.css">/~philippe/versus/statamic/_themes/main/css/main.min.css</a>.
ERROR|Thu, 18 Dec 2014 15:22:00 -0500|page|content|/~philippe/versus/statamic/_themes/main/css/ajax-loader.gif|::1|dev|404 - Page not found. There is a bad link on <a href="/~philippe/versus/statamic/_themes/main/css/main.min.css">/~philippe/versus/statamic/_themes/main/css/main.min.css</a>.
ERROR|Thu, 18 Dec 2014 15:22:38 -0500|page|content|/~philippe/versus/statamic/_themes/main/css/ajax-loader.gif|::1|dev|404 - Page not found. There is a bad link on <a href="/~philippe/versus/statamic/_themes/main/css/main.min.css">/~philippe/versus/statamic/_themes/main/css/main.min.css</a>.
ERROR|Thu, 18 Dec 2014 15:23:20 -0500|page|content|/~philippe/versus/statamic/_themes/main/css/ajax-loader.gif|::1|dev|404 - Page not found. There is a bad link on <a href="/~philippe/versus/statamic/_themes/main/css/main.min.css">/~philippe/versus/statamic/_themes/main/css/main.min.css</a>.
ERROR|Thu, 18 Dec 2014 15:24:11 -0500|page|content|/~philippe/versus/statamic/_themes/main/css/ajax-loader.gif|::1|dev|404 - Page not found. There is a bad link on <a href="/~philippe/versus/statamic/_themes/main/css/main.min.css">/~philippe/versus/statamic/_themes/main/css/main.min.css</a>.
ERROR|Thu, 18 Dec 2014 15:25:09 -0500|page|content|/~philippe/versus/statamic/_themes/main/css/ajax-loader.gif|::1|dev|404 - Page not found. There is a bad link on <a href="/~philippe/versus/statamic/_themes/main/css/main.min.css">/~philippe/versus/statamic/_themes/main/css/main.min.css</a>.
ERROR|Thu, 18 Dec 2014 15:26:08 -0500|page|content|/~philippe/versus/statamic/_themes/main/css/ajax-loader.gif|::1|dev|404 - Page not found. There is a bad link on <a href="/~philippe/versus/statamic/_themes/main/css/main.min.css">/~philippe/versus/statamic/_themes/main/css/main.min.css</a>.
ERROR|Thu, 18 Dec 2014 15:27:34 -0500|page|content|/~philippe/versus/statamic/_themes/main/css/ajax-loader.gif|::1|dev|404 - Page not found. There is a bad link on <a href="/~philippe/versus/statamic/_themes/main/css/main.min.css">/~philippe/versus/statamic/_themes/main/css/main.min.css</a>.
ERROR|Thu, 18 Dec 2014 15:28:40 -0500|page|content|/~philippe/versus/statamic/_themes/main/css/ajax-loader.gif|::1|dev|404 - Page not found. There is a bad link on <a href="/~philippe/versus/statamic/_themes/main/css/main.min.css">/~philippe/versus/statamic/_themes/main/css/main.min.css</a>.
ERROR|Thu, 18 Dec 2014 15:28:40 -0500|page|content|/~philippe/versus/statamic/%7B%7B%20theme:js%20src=?_=1418934519978|::1|dev|404 - Page not found. There is a bad link on <a href="/~philippe/versus/statamic/">/~philippe/versus/statamic/</a>.
ERROR|Thu, 18 Dec 2014 15:29:45 -0500|page|content|/~philippe/versus/statamic/_themes/main/css/ajax-loader.gif|::1|dev|404 - Page not found. There is a bad link on <a href="/~philippe/versus/statamic/_themes/main/css/main.min.css">/~philippe/versus/statamic/_themes/main/css/main.min.css</a>.
ERROR|Thu, 18 Dec 2014 15:30:20 -0500|page|content|/~philippe/versus/statamic/_themes/main/css/ajax-loader.gif|::1|dev|404 - Page not found. There is a bad link on <a href="/~philippe/versus/statamic/_themes/main/css/main.min.css">/~philippe/versus/statamic/_themes/main/css/main.min.css</a>.
ERROR|Thu, 18 Dec 2014 15:30:20 -0500|page|content|/~philippe/versus/statamic/%7B%7B%20theme:js%20src=?_=1418934620167|::1|dev|404 - Page not found. There is a bad link on <a href="/~philippe/versus/statamic/">/~philippe/versus/statamic/</a>.
ERROR|Thu, 18 Dec 2014 15:32:25 -0500|page|content|/~philippe/versus/statamic/_themes/main/css/ajax-loader.gif|::1|dev|404 - Page not found. There is a bad link on <a href="/~philippe/versus/statamic/_themes/main/css/main.min.css">/~philippe/versus/statamic/_themes/main/css/main.min.css</a>.
ERROR|Thu, 18 Dec 2014 15:32:26 -0500|page|content|/~philippe/versus/statamic/_themes/main/js/scripts.js?_=1418934745601|::1|dev|404 - Page not found. There is a bad link on <a href="/~philippe/versus/statamic/">/~philippe/versus/statamic/</a>.
ERROR|Thu, 18 Dec 2014 15:32:34 -0500|visitor|content|/~philippe/versus/statamic/_themes/main/js/scripts.js|::1|dev|404 - Page not found. Visitor came directly to this page and may have typed the URL incorrectly.
ERROR|Thu, 18 Dec 2014 15:32:34 -0500|page|content|/~philippe/versus/statamic/_themes/main/js/animation_edgePreload.js?_=1418934754435|::1|dev|404 - Page not found. There is a bad link on <a href="/~philippe/versus/statamic/_themes/main/js/scripts.js">/~philippe/versus/statamic/_themes/main/js/scripts.js</a>.
ERROR|Thu, 18 Dec 2014 15:32:51 -0500|page|content|/~philippe/versus/statamic/_themes/main/css/ajax-loader.gif|::1|dev|404 - Page not found. There is a bad link on <a href="/~philippe/versus/statamic/_themes/main/css/main.min.css">/~philippe/versus/statamic/_themes/main/css/main.min.css</a>.
ERROR|Thu, 18 Dec 2014 15:38:19 -0500|page|content|/~philippe/versus/statamic/_themes/main/css/ajax-loader.gif|::1|dev|404 - Page not found. There is a bad link on <a href="/~philippe/versus/statamic/_themes/main/css/main.min.css">/~philippe/versus/statamic/_themes/main/css/main.min.css</a>.
ERROR|Thu, 18 Dec 2014 15:38:35 -0500|page|content|/~philippe/versus/statamic/_themes/main/css/ajax-loader.gif|::1|dev|404 - Page not found. There is a bad link on <a href="/~philippe/versus/statamic/_themes/main/css/main.min.css">/~philippe/versus/statamic/_themes/main/css/main.min.css</a>.
ERROR|Thu, 18 Dec 2014 15:39:09 -0500|page|content|/~philippe/versus/statamic/_themes/main/css/ajax-loader.gif|::1|dev|404 - Page not found. There is a bad link on <a href="/~philippe/versus/statamic/_themes/main/css/main.min.css">/~philippe/versus/statamic/_themes/main/css/main.min.css</a>.
ERROR|Thu, 18 Dec 2014 15:39:14 -0500|page|content|/~philippe/versus/statamic/_themes/main/css/ajax-loader.gif|::1|dev|404 - Page not found. There is a bad link on <a href="/~philippe/versus/statamic/_themes/main/css/main.min.css">/~philippe/versus/statamic/_themes/main/css/main.min.css</a>.
ERROR|Thu, 18 Dec 2014 15:39:20 -0500|page|content|/~philippe/versus/statamic/_themes/main/css/ajax-loader.gif|::1|dev|404 - Page not found. There is a bad link on <a href="/~philippe/versus/statamic/_themes/main/css/main.min.css">/~philippe/versus/statamic/_themes/main/css/main.min.css</a>.
ERROR|Thu, 18 Dec 2014 15:40:45 -0500|page|content|/~philippe/versus/statamic/_themes/main/css/ajax-loader.gif|::1|dev|404 - Page not found. There is a bad link on <a href="/~philippe/versus/statamic/_themes/main/css/main.min.css">/~philippe/versus/statamic/_themes/main/css/main.min.css</a>.
ERROR|Thu, 18 Dec 2014 15:40:55 -0500|page|content|/~philippe/versus/statamic/_themes/main/css/ajax-loader.gif|::1|dev|404 - Page not found. There is a bad link on <a href="/~philippe/versus/statamic/_themes/main/css/main.min.css">/~philippe/versus/statamic/_themes/main/css/main.min.css</a>.
ERROR|Thu, 18 Dec 2014 15:43:38 -0500|page|content|/~philippe/versus/statamic/_themes/main/css/ajax-loader.gif|::1|dev|404 - Page not found. There is a bad link on <a href="/~philippe/versus/statamic/_themes/main/css/main.min.css">/~philippe/versus/statamic/_themes/main/css/main.min.css</a>.
ERROR|Thu, 18 Dec 2014 15:44:05 -0500|page|content|/~philippe/versus/statamic/_themes/main/css/ajax-loader.gif|::1|dev|404 - Page not found. There is a bad link on <a href="/~philippe/versus/statamic/_themes/main/css/main.min.css">/~philippe/versus/statamic/_themes/main/css/main.min.css</a>.
ERROR|Thu, 18 Dec 2014 15:44:40 -0500|page|content|/~philippe/versus/statamic/_themes/main/css/ajax-loader.gif|::1|dev|404 - Page not found. There is a bad link on <a href="/~philippe/versus/statamic/_themes/main/css/main.min.css">/~philippe/versus/statamic/_themes/main/css/main.min.css</a>.
ERROR|Thu, 18 Dec 2014 15:44:49 -0500|page|content|/~philippe/versus/statamic/_themes/main/css/ajax-loader.gif|::1|dev|404 - Page not found. There is a bad link on <a href="/~philippe/versus/statamic/_themes/main/css/main.min.css">/~philippe/versus/statamic/_themes/main/css/main.min.css</a>.
