ERROR|Tue, 09 Dec 2014 13:59:20 -0500|page|content|/~philippe/versus/statamic/_themes/main/css/main.min.css|::1|dev|404 - Page not found. There is a bad link on <a href="/~philippe/versus/statamic/">/~philippe/versus/statamic/</a>.
ERROR|Tue, 09 Dec 2014 13:59:23 -0500|page|content|/~philippe/versus/statamic/_themes/main/js/main.js|::1|dev|404 - Page not found. There is a bad link on <a href="/~philippe/versus/statamic/">/~philippe/versus/statamic/</a>.
ERROR|Tue, 09 Dec 2014 13:59:33 -0500|page|content|/~philippe/versus/statamic/_themes/main/css/main.min.css|::1|dev|404 - Page not found. There is a bad link on <a href="/~philippe/versus/statamic/">/~philippe/versus/statamic/</a>.
ERROR|Tue, 09 Dec 2014 13:59:36 -0500|page|content|/~philippe/versus/statamic/_themes/main/js/main.js|::1|dev|404 - Page not found. There is a bad link on <a href="/~philippe/versus/statamic/">/~philippe/versus/statamic/</a>.
ERROR|Tue, 09 Dec 2014 14:01:11 -0500|page|content|/~philippe/versus/statamic/_themes/main/css/main.min.css|::1|dev|404 - Page not found. There is a bad link on <a href="/~philippe/versus/statamic/">/~philippe/versus/statamic/</a>.
ERROR|Tue, 09 Dec 2014 14:01:15 -0500|page|content|/~philippe/versus/statamic/_themes/main/js/main.js|::1|dev|404 - Page not found. There is a bad link on <a href="/~philippe/versus/statamic/">/~philippe/versus/statamic/</a>.
ERROR|Tue, 09 Dec 2014 14:02:08 -0500|page|content|/~philippe/versus/statamic/_themes/main/img/icon-sprites.png|::1|dev|404 - Page not found. There is a bad link on <a href="/~philippe/versus/statamic/">/~philippe/versus/statamic/</a>.
ERROR|Tue, 09 Dec 2014 14:02:10 -0500|page|content|/~philippe/versus/statamic/_themes/main/img/background_1600x1600.png|::1|dev|404 - Page not found. There is a bad link on <a href="/~philippe/versus/statamic/">/~philippe/versus/statamic/</a>.
ERROR|Tue, 09 Dec 2014 14:02:17 -0500|page|content|/~philippe/versus/statamic/_themes/main/img/background_1600x1600.png|::1|dev|404 - Page not found. There is a bad link on <a href="/~philippe/versus/statamic/_themes/main/css/main.min.css">/~philippe/versus/statamic/_themes/main/css/main.min.css</a>.
ERROR|Tue, 09 Dec 2014 14:02:18 -0500|page|content|/~philippe/versus/statamic/_themes/main/img/icon-sprites.png|::1|dev|404 - Page not found. There is a bad link on <a href="/~philippe/versus/statamic/_themes/main/css/main.min.css">/~philippe/versus/statamic/_themes/main/css/main.min.css</a>.
ERROR|Tue, 09 Dec 2014 14:02:26 -0500|page|content|/~philippe/versus/statamic/_themes/main/img/background_1600x1600.png|::1|dev|404 - Page not found. There is a bad link on <a href="/~philippe/versus/statamic/_themes/main/css/main.min.css">/~philippe/versus/statamic/_themes/main/css/main.min.css</a>.
ERROR|Tue, 09 Dec 2014 14:02:26 -0500|page|content|/~philippe/versus/statamic/_themes/main/img/icon-sprites.png|::1|dev|404 - Page not found. There is a bad link on <a href="/~philippe/versus/statamic/_themes/main/css/main.min.css">/~philippe/versus/statamic/_themes/main/css/main.min.css</a>.
ERROR|Tue, 09 Dec 2014 14:02:30 -0500|page|content|/~philippe/versus/statamic/_themes/main/img/connect-sprites-large.png|::1|dev|404 - Page not found. There is a bad link on <a href="/~philippe/versus/statamic/_themes/main/css/main.min.css">/~philippe/versus/statamic/_themes/main/css/main.min.css</a>.
ERROR|Tue, 09 Dec 2014 14:02:30 -0500|page|content|/~philippe/versus/statamic/_themes/main/img/background_1600x1600.png|::1|dev|404 - Page not found. There is a bad link on <a href="/~philippe/versus/statamic/_themes/main/css/main.min.css">/~philippe/versus/statamic/_themes/main/css/main.min.css</a>.
ERROR|Tue, 09 Dec 2014 14:02:31 -0500|page|content|/~philippe/versus/statamic/_themes/main/img/icon-sprites.png|::1|dev|404 - Page not found. There is a bad link on <a href="/~philippe/versus/statamic/_themes/main/css/main.min.css">/~philippe/versus/statamic/_themes/main/css/main.min.css</a>.
ERROR|Tue, 09 Dec 2014 14:02:58 -0500|page|content|/~philippe/versus/statamic/_themes/main/img/background_1600x1600.png|::1|dev|404 - Page not found. There is a bad link on <a href="/~philippe/versus/statamic/_themes/main/css/main.min.css">/~philippe/versus/statamic/_themes/main/css/main.min.css</a>.
ERROR|Tue, 09 Dec 2014 14:02:58 -0500|page|content|/~philippe/versus/statamic/_themes/main/img/icon-sprites.png|::1|dev|404 - Page not found. There is a bad link on <a href="/~philippe/versus/statamic/_themes/main/css/main.min.css">/~philippe/versus/statamic/_themes/main/css/main.min.css</a>.
ERROR|Tue, 09 Dec 2014 14:03:02 -0500|page|content|/~philippe/versus/statamic/_themes/main/img/connect-sprites-large.png|::1|dev|404 - Page not found. There is a bad link on <a href="/~philippe/versus/statamic/_themes/main/css/main.min.css">/~philippe/versus/statamic/_themes/main/css/main.min.css</a>.
ERROR|Tue, 09 Dec 2014 14:03:50 -0500|page|content|/~philippe/versus/statamic/_themes/main/img/icon-sprites.png|::1|dev|404 - Page not found. There is a bad link on <a href="/~philippe/versus/statamic/_themes/main/css/main.min.css">/~philippe/versus/statamic/_themes/main/css/main.min.css</a>.
ERROR|Tue, 09 Dec 2014 14:03:50 -0500|page|content|/~philippe/versus/statamic/_themes/main/img/background_1600x1600.png|::1|dev|404 - Page not found. There is a bad link on <a href="/~philippe/versus/statamic/_themes/main/css/main.min.css">/~philippe/versus/statamic/_themes/main/css/main.min.css</a>.
ERROR|Tue, 09 Dec 2014 14:03:54 -0500|page|content|/~philippe/versus/statamic/_themes/main/img/connect-sprites-large.png|::1|dev|404 - Page not found. There is a bad link on <a href="/~philippe/versus/statamic/_themes/main/css/main.min.css">/~philippe/versus/statamic/_themes/main/css/main.min.css</a>.
ERROR|Tue, 09 Dec 2014 14:04:07 -0500|visitor|content|/~philippe/versus/statamic/_themes/main/img/background_1600x1600.png|::1|dev|404 - Page not found. Visitor came directly to this page and may have typed the URL incorrectly.
ERROR|Tue, 09 Dec 2014 14:04:07 -0500|page|content|/~philippe/versus/statamic/_themes/main/img/background_1600x1600.png|::1|dev|404 - Page not found. There is a bad link on <a href="/~philippe/versus/statamic/_themes/main/css/main.min.css">/~philippe/versus/statamic/_themes/main/css/main.min.css</a>.
ERROR|Tue, 09 Dec 2014 14:04:07 -0500|page|content|/~philippe/versus/statamic/_themes/main/img/icon-sprites.png|::1|dev|404 - Page not found. There is a bad link on <a href="/~philippe/versus/statamic/_themes/main/css/main.min.css">/~philippe/versus/statamic/_themes/main/css/main.min.css</a>.
ERROR|Tue, 09 Dec 2014 14:04:52 -0500|page|content|/~philippe/versus/statamic/_themes/main/img/icon-sprites.png|::1|dev|404 - Page not found. There is a bad link on <a href="/~philippe/versus/statamic/_themes/main/css/main.min.css">/~philippe/versus/statamic/_themes/main/css/main.min.css</a>.
ERROR|Tue, 09 Dec 2014 14:04:56 -0500|page|content|/~philippe/versus/statamic/_themes/main/img/connect-sprites-large.png|::1|dev|404 - Page not found. There is a bad link on <a href="/~philippe/versus/statamic/_themes/main/css/main.min.css">/~philippe/versus/statamic/_themes/main/css/main.min.css</a>.
